# Server version 0.08 running on alexandre.local:8123
# Game ID: 43
# Board class: bohnenspiel.BohnenspielBoard
# Timeout: 700
# First Move Timeout: 30000
# Date: Wed Mar 22 15:59:26 EDT 2017
# Player 1: Player-0, '260617865', running on localhost
# Player 2: Player-1, '260617865', running on localhost
START Player-0 260617865
START Player-1 260617865
PIT 0 0
PIT 1 0
PIT 0 0
PIT 1 1
PIT 0 0
PIT 1 2
PIT 0 0
PIT 1 3
PIT 0 0
PIT 1 0
PIT 0 1
PIT 1 0
PIT 0 0
PIT 1 1
PIT 0 2
PIT 1 0
PIT 0 0
PIT 1 2
PIT 0 2
PIT 1 3
PIT 0 0
PIT 1 4
PIT 0 2
PIT 1 0
PIT 0 3
PIT 1 1
PIT 0 0
PIT 1 2
PIT 0 2
PIT 1 3
PIT 0 0
PIT 1 4
PIT 0 0
PIT 1 5
PIT 0 0
PIT 1 2
PIT 0 3
PIT 1 4
PIT 0 4
PIT 1 5
PIT 0 1
PIT 0 3
PIT 0 5
GAMEOVER WINNER 0         Player-0 score: 54  Player-1 score: 18
# Game ended: Wed Mar 22 15:59:26 EDT 2017
